E:\OPENCV学习\VIDEOCAPTURE\DEBUG\VIDEOCAPTURE.EXE
E:\OPENCV学习\VIDEOCAPTURE\DEBUG\VIDEOCAPTURE.ILK
E:\OPENCV学习\VIDEOCAPTURE\DEBUG\VIDEOCAPTURE.PDB
E:\OPENCV学习\VIDEOCAPTURE\VIDEOCAPTURE\DEBUG\CAPTURE.OBJ
E:\OpenCV学习\videocapture\videocapture\Debug\cl.command.1.tlog
E:\OpenCV学习\videocapture\videocapture\Debug\CL.read.1.tlog
E:\OpenCV学习\videocapture\videocapture\Debug\CL.write.1.tlog
E:\OpenCV学习\videocapture\videocapture\Debug\link.11544.read.1.tlog
E:\OpenCV学习\videocapture\videocapture\Debug\link.11544.write.1.tlog
E:\OpenCV学习\videocapture\videocapture\Debug\link.11544-cvtres.read.1.tlog
E:\OpenCV学习\videocapture\videocapture\Debug\link.11544-cvtres.write.1.tlog
E:\OpenCV学习\videocapture\videocapture\Debug\link.6404.read.1.tlog
E:\OpenCV学习\videocapture\videocapture\Debug\link.6404.write.1.tlog
E:\OpenCV学习\videocapture\videocapture\Debug\link.6404-cvtres.read.1.tlog
E:\OpenCV学习\videocapture\videocapture\Debug\link.6404-cvtres.write.1.tlog
E:\OpenCV学习\videocapture\videocapture\Debug\link.command.1.tlog
E:\OpenCV学习\videocapture\videocapture\Debug\link.read.1.tlog
E:\OpenCV学习\videocapture\videocapture\Debug\link.write.1.tlog
E:\OpenCV学习\videocapture\videocapture\Debug\link-cvtres.read.1.tlog
E:\OpenCV学习\videocapture\videocapture\Debug\link-cvtres.write.1.tlog
E:\OpenCV学习\videocapture\videocapture\Debug\mt.command.1.tlog
E:\OpenCV学习\videocapture\videocapture\Debug\mt.read.1.tlog
E:\OpenCV学习\videocapture\videocapture\Debug\mt.write.1.tlog
E:\OpenCV学习\videocapture\videocapture\Debug\rc.command.1.tlog
E:\OpenCV学习\videocapture\videocapture\Debug\rc.read.1.tlog
E:\OpenCV学习\videocapture\videocapture\Debug\rc.write.1.tlog
E:\OpenCV学习\videocapture\videocapture\Debug\vc100.idb
E:\OPENCV学习\VIDEOCAPTURE\VIDEOCAPTURE\DEBUG\VC100.PDB
E:\OPENCV学习\VIDEOCAPTURE\VIDEOCAPTURE\DEBUG\VIDEOCAPTURE.EXE.EMBED.MANIFEST
E:\OPENCV学习\VIDEOCAPTURE\VIDEOCAPTURE\DEBUG\VIDEOCAPTURE.EXE.EMBED.MANIFEST.RES
E:\OPENCV学习\VIDEOCAPTURE\VIDEOCAPTURE\DEBUG\VIDEOCAPTURE.EXE.INTERMEDIATE.MANIFEST
E:\OpenCV学习\videocapture\videocapture\Debug\videocapture.vcxprojResolveAssemblyReference.cache
E:\OpenCV学习\videocapture\videocapture\Debug\videocapture.write.1.tlog
E:\OpenCV学习\videocapture\videocapture\Debug\videocapture_manifest.rc
