生成启动时间为 2016/12/14 20:58:46。
     1>项目“E:\OpenCV学习\canny边缘检测\canny边缘检测\canny边缘检测.vcxproj”在节点 2 上(build 个目标)。
     1>InitializeBuildStatus:
         正在创建“Debug\canny边缘检测.unsuccessfulbuild”，因为已指定“AlwaysCreate”。
       ClCompile:
         C:\Program Files (x86)\Microsoft Visual Studio 10.0\VC\bin\CL.exe /c /ZI /nologo /W3 /WX- /Od /Oy- /D WIN32 /D _DEBUG /D _CONSOLE /D _UNICODE /D UNICODE /Gm /EHsc /RTC1 /MDd /GS /fp:precise /Zc:wchar_t /Zc:forScope /Fo"Debug\\" /Fd"Debug\vc100.pdb" /Gd /TP /analyze- /errorReport:prompt canny.cpp
         canny.cpp
       ManifestResourceCompile:
         所有输出均为最新。
       Link:
         C:\Program Files (x86)\Microsoft Visual Studio 10.0\VC\bin\link.exe /ERRORREPORT:PROMPT /OUT:"E:\OpenCV学习\canny边缘检测\Debug\canny边缘检测.exe" /INCREMENTAL /NOLOGO opencv_calib3d247d.lib opencv_contrib247d.lib opencv_core247d.lib opencv_features2d247.lib opencv_features2d247d.lib opencv_flann247d.lib opencv_gpu247d.lib opencv_highgui247d.lib opencv_imgproc247d.lib opencv_legacy247d.lib opencv_ml247d.lib opencv_nonfree247d.lib opencv_objdetect247d.lib opencv_ocl247d.lib opencv_photo247d.lib opencv_stitching247d.lib opencv_superres247d.lib opencv_ts247d.lib opencv_video247d.lib opencv_videostab247d.lib kernel32.lib user32.lib gdi32.lib winspool.lib comdlg32.lib advapi32.lib shell32.lib ole32.lib oleaut32.lib uuid.lib odbc32.lib odbccp32.lib /MANIFEST /ManifestFile:"Debug\canny边缘检测.exe.intermediate.manifest" /MANIFESTUAC:"level='asInvoker' uiAccess='false'" /DEBUG /PDB:"E:\OpenCV学习\canny边缘检测\Debug\canny边缘检测.pdb" /SUBSYSTEM:CONSOLE /TLBID:1 /DYNAMICBASE /NXCOMPAT /IMPLIB:"E:\OpenCV学习\canny边缘检测\Debug\canny边缘检测.lib" /MACHINE:X86 "Debug\canny边缘检测.exe.embed.manifest.res"
         Debug\canny.obj
       Manifest:
         C:\Program Files (x86)\Microsoft SDKs\Windows\v7.0A\bin\mt.exe /nologo /verbose /out:"Debug\canny边缘检测.exe.embed.manifest" /manifest "Debug\canny边缘检测.exe.intermediate.manifest"
         所有输出均为最新。
       LinkEmbedManifest:
         所有输出均为最新。
         canny边缘检测.vcxproj -> E:\OpenCV学习\canny边缘检测\Debug\canny边缘检测.exe
       FinalizeBuildStatus:
         正在删除文件“Debug\canny边缘检测.unsuccessfulbuild”。
         正在对“Debug\canny边缘检测.lastbuildstate”执行 Touch 任务。
     1>已完成生成项目“E:\OpenCV学习\canny边缘检测\canny边缘检测\canny边缘检测.vcxproj”(build 个目标)的操作。

生成成功。

已用时间 00:00:02.13
